[2020-11-26 18:46:48][1] Processing: App\Mail\ProgramEnquiry
[2020-11-26 18:46:51][1] Processed:  App\Mail\ProgramEnquiry
[2020-11-26 18:48:42][2] Processing: App\Mail\ProgramEnquiry
[2020-11-26 18:48:45][2] Processed:  App\Mail\ProgramEnquiry
[2020-11-26 18:49:03][3] Processing: App\Mail\ProgramEnquiry
[2020-11-26 18:49:06][3] Processed:  App\Mail\ProgramEnquiry
[2020-11-26 19:35:17][4] Processing: App\Mail\ProgramEnquiry
[2020-11-26 19:35:23][4] Processed:  App\Mail\ProgramEnquiry
[2020-11-26 19:36:10][5] Processing: App\Mail\ProgramEnquiry
[2020-11-26 19:36:26][5] Processed:  App\Mail\ProgramEnquiry
[2020-11-26 19:37:38][6] Processing: App\Mail\ProgramEnquiry
[2020-11-26 19:37:43][6] Processed:  App\Mail\ProgramEnquiry
[2020-11-26 20:38:48][7] Processing: App\Mail\ProgramEnquiry
[2020-11-26 20:38:48][7] Processed:  App\Mail\ProgramEnquiry
[2020-11-30 11:39:02][8] Processing: App\Notifications\ProgramWelcome
[2020-11-30 11:39:02][10] Processing: App\Notifications\ProgramWelcome
[2020-11-30 11:39:02][9] Processing: App\Notifications\ProgramWelcome
[2020-11-30 11:39:02][11] Processing: App\Notifications\ProgramWelcome
[2020-11-30 11:39:02][12] Processing: App\Notifications\ProgramWelcome
[2020-11-30 11:39:02][13] Processing: App\Notifications\ProgramWelcome
[2020-11-30 11:39:02][14] Processing: App\Notifications\ProgramWelcome
[2020-11-30 11:39:02][15] Processing: App\Notifications\ProgramWelcome
[2020-11-30 11:39:02][16] Processing: App\Notifications\ProgramWelcome
[2020-11-30 11:39:02][14] Failed:     App\Notifications\ProgramWelcome
[2020-11-30 11:39:02][15] Failed:     App\Notifications\ProgramWelcome
[2020-11-30 11:39:02][16] Failed:     App\Notifications\ProgramWelcome
[2020-11-30 11:40:02][17] Processing: App\Notifications\ProgramWelcome
[2020-11-30 11:40:02][19] Processing: App\Notifications\ProgramWelcome
[2020-11-30 11:40:02][18] Processing: App\Notifications\ProgramWelcome
[2020-11-30 11:40:02][22] Processing: App\Notifications\ProgramWelcome
[2020-11-30 11:40:02][21] Processing: App\Notifications\ProgramWelcome
[2020-11-30 11:40:02][20] Processing: App\Notifications\ProgramWelcome
[2020-11-30 11:40:02][23] Processing: App\Notifications\ProgramWelcome
[2020-11-30 11:40:02][25] Processing: App\Notifications\ProgramWelcome
[2020-11-30 11:40:02][24] Processing: App\Notifications\ProgramWelcome
[2020-11-30 11:40:02][23] Failed:     App\Notifications\ProgramWelcome
[2020-11-30 11:40:02][25] Failed:     App\Notifications\ProgramWelcome
[2020-11-30 11:40:02][24] Failed:     App\Notifications\ProgramWelcome
[2020-11-30 11:41:02][26] Processing: App\Notifications\ProgramWelcome
[2020-11-30 11:41:02][28] Processing: App\Notifications\ProgramWelcome
[2020-11-30 11:41:02][27] Processing: App\Notifications\ProgramWelcome
[2020-11-30 11:41:02][29] Processing: App\Notifications\ProgramWelcome
[2020-11-30 11:41:02][30] Processing: App\Notifications\ProgramWelcome
[2020-11-30 11:41:02][31] Processing: App\Notifications\ProgramWelcome
[2020-11-30 11:41:02][32] Processing: App\Notifications\ProgramWelcome
[2020-11-30 11:41:02][33] Processing: App\Notifications\ProgramWelcome
[2020-11-30 11:41:02][34] Processing: App\Notifications\ProgramWelcome
[2020-11-30 11:41:03][32] Failed:     App\Notifications\ProgramWelcome
[2020-11-30 11:41:03][34] Failed:     App\Notifications\ProgramWelcome
[2020-11-30 11:41:03][33] Failed:     App\Notifications\ProgramWelcome
[2020-11-30 11:42:02][35] Processing: App\Notifications\ProgramWelcome
[2020-11-30 11:42:02][36] Processing: App\Notifications\ProgramWelcome
[2020-11-30 11:42:02][37] Processing: App\Notifications\ProgramWelcome
[2020-11-30 11:42:02][38] Processing: App\Notifications\ProgramWelcome
[2020-11-30 11:42:03][39] Processing: App\Notifications\ProgramWelcome
[2020-11-30 11:42:03][40] Processing: App\Notifications\ProgramWelcome
[2020-11-30 11:42:03][41] Processing: App\Notifications\ProgramWelcome
[2020-11-30 11:42:03][42] Processing: App\Notifications\ProgramWelcome
[2020-11-30 11:42:03][40] Failed:     App\Notifications\ProgramWelcome
[2020-11-30 11:42:03][43] Processing: App\Notifications\ProgramWelcome
[2020-11-30 11:42:03][42] Failed:     App\Notifications\ProgramWelcome
[2020-11-30 11:42:03][43] Failed:     App\Notifications\ProgramWelcome
[2020-11-30 11:43:03][44] Processing: App\Notifications\ProgramWelcome
[2020-11-30 11:43:03][45] Processing: App\Notifications\ProgramWelcome
[2020-11-30 11:43:03][46] Processing: App\Notifications\ProgramWelcome
[2020-11-30 11:43:03][47] Processing: App\Notifications\ProgramWelcome
[2020-11-30 11:43:03][49] Processing: App\Notifications\ProgramWelcome
[2020-11-30 11:43:03][48] Processing: App\Notifications\ProgramWelcome
[2020-11-30 11:43:03][50] Processing: App\Notifications\ProgramWelcome
[2020-11-30 11:43:03][51] Processing: App\Notifications\ProgramWelcome
[2020-11-30 11:43:03][52] Processing: App\Notifications\ProgramWelcome
[2020-11-30 11:43:03][50] Failed:     App\Notifications\ProgramWelcome
[2020-11-30 11:43:03][51] Failed:     App\Notifications\ProgramWelcome
[2020-11-30 11:43:03][52] Failed:     App\Notifications\ProgramWelcome
[2020-11-30 11:44:03][53] Processing: App\Notifications\ProgramWelcome
[2020-11-30 11:44:03][54] Processing: App\Notifications\ProgramWelcome
[2020-11-30 11:44:03][55] Processing: App\Notifications\ProgramWelcome
[2020-11-30 11:44:03][57] Processing: App\Notifications\ProgramWelcome
[2020-11-30 11:44:03][56] Processing: App\Notifications\ProgramWelcome
[2020-11-30 11:44:03][58] Processing: App\Notifications\ProgramWelcome
[2020-11-30 11:44:03][59] Processing: App\Notifications\ProgramWelcome
[2020-11-30 11:44:03][60] Processing: App\Notifications\ProgramWelcome
[2020-11-30 11:44:03][61] Processing: App\Notifications\ProgramWelcome
[2020-11-30 11:44:03][60] Failed:     App\Notifications\ProgramWelcome
[2020-11-30 11:44:03][59] Failed:     App\Notifications\ProgramWelcome
[2020-11-30 11:44:03][61] Failed:     App\Notifications\ProgramWelcome
[2020-11-30 11:45:03][64] Processing: App\Notifications\ProgramWelcome
[2020-11-30 11:45:03][62] Processing: App\Notifications\ProgramWelcome
[2020-11-30 11:45:03][63] Processing: App\Notifications\ProgramWelcome
[2020-11-30 11:45:03][65] Processing: App\Notifications\ProgramWelcome
[2020-11-30 11:45:03][66] Processing: App\Notifications\ProgramWelcome
[2020-11-30 11:45:03][67] Processing: App\Notifications\ProgramWelcome
[2020-11-30 11:45:03][68] Processing: App\Notifications\ProgramWelcome
[2020-11-30 11:45:03][69] Processing: App\Notifications\ProgramWelcome
[2020-11-30 11:45:03][70] Processing: App\Notifications\ProgramWelcome
[2020-11-30 11:45:03][68] Failed:     App\Notifications\ProgramWelcome
[2020-11-30 11:45:03][69] Failed:     App\Notifications\ProgramWelcome
[2020-11-30 11:45:03][70] Failed:     App\Notifications\ProgramWelcome
[2020-11-30 11:46:03][72] Processing: App\Notifications\ProgramWelcome
[2020-11-30 11:46:03][73] Processing: App\Notifications\ProgramWelcome
[2020-11-30 11:46:03][71] Processing: App\Notifications\ProgramWelcome
[2020-11-30 11:46:03][74] Processing: App\Notifications\ProgramWelcome
[2020-11-30 11:46:03][75] Processing: App\Notifications\ProgramWelcome
[2020-11-30 11:46:03][76] Processing: App\Notifications\ProgramWelcome
[2020-11-30 11:46:03][77] Processing: App\Notifications\ProgramWelcome
[2020-11-30 11:46:03][78] Processing: App\Notifications\ProgramWelcome
[2020-11-30 11:46:03][79] Processing: App\Notifications\ProgramWelcome
[2020-11-30 11:46:03][77] Failed:     App\Notifications\ProgramWelcome
[2020-11-30 11:46:03][78] Failed:     App\Notifications\ProgramWelcome
[2020-11-30 11:46:03][79] Failed:     App\Notifications\ProgramWelcome
[2020-11-30 11:49:04][81] Processing: App\Notifications\ProgramWelcome
[2020-11-30 11:49:04][82] Processing: App\Notifications\ProgramWelcome
[2020-11-30 11:49:04][80] Processing: App\Notifications\ProgramWelcome
[2020-11-30 11:49:04][80] Processed:  App\Notifications\ProgramWelcome
[2020-11-30 11:49:04][81] Processed:  App\Notifications\ProgramWelcome
[2020-11-30 11:49:04][82] Processed:  App\Notifications\ProgramWelcome
[2020-11-30 11:50:04][84] Processing: App\Notifications\ProgramWelcome
[2020-11-30 11:50:04][83] Processing: App\Notifications\ProgramWelcome
[2020-11-30 11:50:04][85] Processing: App\Notifications\ProgramWelcome
[2020-11-30 11:50:04][84] Processed:  App\Notifications\ProgramWelcome
[2020-11-30 11:50:04][85] Processed:  App\Notifications\ProgramWelcome
[2020-11-30 11:50:04][83] Processed:  App\Notifications\ProgramWelcome
[2020-11-30 11:51:04][86] Processing: App\Notifications\ProgramWelcome
[2020-11-30 11:51:04][87] Processing: App\Notifications\ProgramWelcome
[2020-11-30 11:51:04][86] Processed:  App\Notifications\ProgramWelcome
[2020-11-30 11:51:04][87] Processed:  App\Notifications\ProgramWelcome
[2020-11-30 11:51:04][88] Processing: App\Notifications\ProgramWelcome
[2020-11-30 11:51:04][88] Processed:  App\Notifications\ProgramWelcome
[2020-11-30 11:52:04][89] Processing: App\Notifications\ProgramWelcome
[2020-11-30 11:52:04][90] Processing: App\Notifications\ProgramWelcome
[2020-11-30 11:52:04][90] Processed:  App\Notifications\ProgramWelcome
[2020-11-30 11:52:04][89] Processed:  App\Notifications\ProgramWelcome
[2020-11-30 11:52:04][91] Processing: App\Notifications\ProgramWelcome
[2020-11-30 11:52:04][91] Processed:  App\Notifications\ProgramWelcome
[2020-11-30 11:53:04][92] Processing: App\Notifications\ProgramWelcome
[2020-11-30 11:53:04][93] Processing: App\Notifications\ProgramWelcome
[2020-11-30 11:53:04][94] Processing: App\Notifications\ProgramWelcome
[2020-11-30 11:53:04][92] Processed:  App\Notifications\ProgramWelcome
[2020-11-30 11:53:04][93] Processed:  App\Notifications\ProgramWelcome
[2020-11-30 11:53:04][94] Processed:  App\Notifications\ProgramWelcome
[2020-11-30 11:54:04][95] Processing: App\Notifications\ProgramWelcome
[2020-11-30 11:54:04][97] Processing: App\Notifications\ProgramWelcome
[2020-11-30 11:54:04][96] Processing: App\Notifications\ProgramWelcome
[2020-11-30 11:54:04][96] Processed:  App\Notifications\ProgramWelcome
[2020-11-30 11:54:04][97] Processed:  App\Notifications\ProgramWelcome
[2020-11-30 11:54:04][95] Processed:  App\Notifications\ProgramWelcome
[2020-11-30 11:55:05][100] Processing: App\Notifications\ProgramWelcome
[2020-11-30 11:55:05][98] Processing: App\Notifications\ProgramWelcome
[2020-11-30 11:55:05][99] Processing: App\Notifications\ProgramWelcome
[2020-11-30 11:55:05][100] Processed:  App\Notifications\ProgramWelcome
[2020-11-30 11:55:05][98] Processed:  App\Notifications\ProgramWelcome
[2020-11-30 11:55:05][99] Processed:  App\Notifications\ProgramWelcome
[2020-11-30 11:56:05][101] Processing: App\Notifications\ProgramWelcome
[2020-11-30 11:56:05][102] Processing: App\Notifications\ProgramWelcome
[2020-11-30 11:56:05][103] Processing: App\Notifications\ProgramWelcome
[2020-11-30 11:56:05][101] Processed:  App\Notifications\ProgramWelcome
[2020-11-30 11:56:05][103] Processed:  App\Notifications\ProgramWelcome
[2020-11-30 11:56:05][102] Processed:  App\Notifications\ProgramWelcome
[2020-11-30 11:57:05][106] Processing: App\Notifications\ProgramWelcome
[2020-11-30 11:57:05][105] Processing: App\Notifications\ProgramWelcome
[2020-11-30 11:57:05][104] Processing: App\Notifications\ProgramWelcome
[2020-11-30 11:57:05][105] Processed:  App\Notifications\ProgramWelcome
[2020-11-30 11:57:05][104] Processed:  App\Notifications\ProgramWelcome
[2020-11-30 11:57:05][106] Processed:  App\Notifications\ProgramWelcome
[2020-11-30 11:58:06][108] Processing: App\Notifications\ProgramWelcome
[2020-11-30 11:58:06][107] Processing: App\Notifications\ProgramWelcome
[2020-11-30 11:58:06][109] Processing: App\Notifications\ProgramWelcome
[2020-11-30 11:58:06][109] Processed:  App\Notifications\ProgramWelcome
[2020-11-30 11:58:06][108] Processed:  App\Notifications\ProgramWelcome
[2020-11-30 11:58:06][107] Processed:  App\Notifications\ProgramWelcome
[2020-11-30 11:59:03][111] Processing: App\Notifications\ProgramWelcome
[2020-11-30 11:59:03][112] Processing: App\Notifications\ProgramWelcome
[2020-11-30 11:59:03][110] Processing: App\Notifications\ProgramWelcome
[2020-11-30 11:59:03][112] Processed:  App\Notifications\ProgramWelcome
[2020-11-30 11:59:03][111] Processed:  App\Notifications\ProgramWelcome
[2020-11-30 11:59:03][110] Processed:  App\Notifications\ProgramWelcome
